# JRE version: OpenJDK Runtime Environment (11.0.15) (build 11.0.15+0-b2043.56-9505619)
# Java VM: OpenJDK 64-Bit Server VM (11.0.15+0-b2043.56-9505619, mixed mode, tiered, compressed oops, g1 gc, windows-amd64)
Heap:
 garbage-first heap   total 559104K, used 286565K [0x0000000080000000, 0x0000000100000000)
  region size 1024K, 5 young (5120K), 5 survivors (5120K)
 Metaspace       used 152304K, capacity 157068K, committed 158000K, reserved 1185792K
  class space    used 19377K, capacity 21168K, committed 21888K, reserved 1048576K
GC Heap History (20 events):
Event: 934.605 GC heap after
{Heap after GC invocations=60 (full 0):
 garbage-first heap   total 310272K, used 251359K [0x0000000080000000, 0x0000000100000000)
  region size 1024K, 3 young (3072K), 3 survivors (3072K)
 Metaspace       used 149299K, capacity 153916K, committed 155440K, reserved 1183744K
  class space    used 19040K, capacity 20782K, committed 21632K, reserved 1048576K
}
Event: 934.651 GC heap before
{Heap before GC invocations=60 (full 0):
 garbage-first heap   total 310272K, used 270815K [0x0000000080000000, 0x0000000100000000)
  region size 1024K, 22 young (22528K), 3 survivors (3072K)
 Metaspace       used 149605K, capacity 154270K, committed 155696K, reserved 1183744K
  class space    used 19063K, capacity 20815K, committed 21632K, reserved 1048576K
}
Event: 934.655 GC heap after
{Heap after GC invocations=61 (full 0):
 garbage-first heap   total 310272K, used 256536K [0x0000000080000000, 0x0000000100000000)
  region size 1024K, 3 young (3072K), 3 survivors (3072K)
 Metaspace       used 149605K, capacity 154270K, committed 155696K, reserved 1183744K
  class space    used 19063K, capacity 20815K, committed 21632K, reserved 1048576K
}
Event: 934.751 GC heap before
{Heap before GC invocations=61 (full 0):
 garbage-first heap   total 310272K, used 270872K [0x0000000080000000, 0x0000000100000000)
  region size 1024K, 17 young (17408K), 3 survivors (3072K)
 Metaspace       used 150246K, capacity 154964K, committed 156208K, reserved 1183744K
  class space    used 19135K, capacity 20894K, committed 21632K, reserved 1048576K
}
Event: 934.753 GC heap after
{Heap after GC invocations=62 (full 0):
 garbage-first heap   total 310272K, used 255357K [0x0000000080000000, 0x0000000100000000)
  region size 1024K, 2 young (2048K), 2 survivors (2048K)
 Metaspace       used 150246K, capacity 154964K, committed 156208K, reserved 1183744K
  class space    used 19135K, capacity 20894K, committed 21632K, reserved 1048576K
}
Event: 934.818 GC heap before
{Heap before GC invocations=62 (full 0):
 garbage-first heap   total 310272K, used 269693K [0x0000000080000000, 0x0000000100000000)
  region size 1024K, 17 young (17408K), 2 survivors (2048K)
 Metaspace       used 150331K, capacity 154991K, committed 156208K, reserved 1183744K
  class space    used 19142K, capacity 20900K, committed 21632K, reserved 1048576K
}
Event: 934.820 GC heap after
{Heap after GC invocations=63 (full 0):
 garbage-first heap   total 310272K, used 255860K [0x0000000080000000, 0x0000000100000000)
  region size 1024K, 2 young (2048K), 2 survivors (2048K)
 Metaspace       used 150331K, capacity 154991K, committed 156208K, reserved 1183744K
  class space    used 19142K, capacity 20900K, committed 21632K, reserved 1048576K
}
Event: 934.910 GC heap before
{Heap before GC invocations=63 (full 0):
 garbage-first heap   total 310272K, used 270196K [0x0000000080000000, 0x0000000100000000)
  region size 1024K, 18 young (18432K), 2 survivors (2048K)
 Metaspace       used 150645K, capacity 155411K, committed 156592K, reserved 1183744K
  class space    used 19175K, capacity 20948K, committed 21760K, reserved 1048576K
}
Event: 934.912 GC heap after
{Heap after GC invocations=64 (full 0):
 garbage-first heap   total 310272K, used 256754K [0x0000000080000000, 0x0000000100000000)
  region size 1024K, 2 young (2048K), 2 survivors (2048K)
 Metaspace       used 150645K, capacity 155411K, committed 156592K, reserved 1183744K
  class space    used 19175K, capacity 20948K, committed 21760K, reserved 1048576K
}
Event: 934.983 GC heap before
{Heap before GC invocations=64 (full 0):
 garbage-first heap   total 310272K, used 271090K [0x0000000080000000, 0x0000000100000000)
  region size 1024K, 17 young (17408K), 2 survivors (2048K)
 Metaspace       used 151176K, capacity 155880K, committed 157104K, reserved 1185792K
  class space    used 19240K, capacity 20993K, committed 21760K, reserved 1048576K
}
Event: 934.985 GC heap after
{Heap after GC invocations=65 (full 0):
 garbage-first heap   total 310272K, used 256859K [0x0000000080000000, 0x0000000100000000)
  region size 1024K, 2 young (2048K), 2 survivors (2048K)
 Metaspace       used 151176K, capacity 155880K, committed 157104K, reserved 1185792K
  class space    used 19240K, capacity 20993K, committed 21760K, reserved 1048576K
}
Event: 935.045 GC heap before
{Heap before GC invocations=65 (full 0):
 garbage-first heap   total 310272K, used 271195K [0x0000000080000000, 0x0000000100000000)
  region size 1024K, 17 young (17408K), 2 survivors (2048K)
 Metaspace       used 151315K, capacity 156003K, committed 157104K, reserved 1185792K
  class space    used 19250K, capacity 21030K, committed 21760K, reserved 1048576K
}
Event: 935.047 GC heap after
{Heap after GC invocations=66 (full 0):
 garbage-first heap   total 372736K, used 257711K [0x0000000080000000, 0x0000000100000000)
  region size 1024K, 2 young (2048K), 2 survivors (2048K)
 Metaspace       used 151315K, capacity 156003K, committed 157104K, reserved 1185792K
  class space    used 19250K, capacity 21030K, committed 21760K, reserved 1048576K
}
Event: 935.150 GC heap before
{Heap before GC invocations=66 (full 0):
 garbage-first heap   total 372736K, used 311983K [0x0000000080000000, 0x0000000100000000)
  region size 1024K, 56 young (57344K), 2 survivors (2048K)
 Metaspace       used 151583K, capacity 156275K, committed 157360K, reserved 1185792K
  class space    used 19284K, capacity 21055K, committed 21760K, reserved 1048576K
}
Event: 935.155 GC heap after
{Heap after GC invocations=67 (full 0):
 garbage-first heap   total 372736K, used 270229K [0x0000000080000000, 0x0000000100000000)
  region size 1024K, 7 young (7168K), 7 survivors (7168K)
 Metaspace       used 151583K, capacity 156275K, committed 157360K, reserved 1185792K
  class space    used 19284K, capacity 21055K, committed 21760K, reserved 1048576K
}
Event: 935.207 GC heap before
{Heap before GC invocations=67 (full 0):
 garbage-first heap   total 372736K, used 313237K [0x0000000080000000, 0x0000000100000000)
  region size 1024K, 50 young (51200K), 7 survivors (7168K)
 Metaspace       used 151777K, capacity 156480K, committed 157360K, reserved 1185792K
  class space    used 19309K, capacity 21101K, committed 21760K, reserved 1048576K
}
Event: 935.213 GC heap after
{Heap after GC invocations=68 (full 0):
 garbage-first heap   total 372736K, used 275954K [0x0000000080000000, 0x0000000100000000)
  region size 1024K, 7 young (7168K), 7 survivors (7168K)
 Metaspace       used 151777K, capacity 156480K, committed 157360K, reserved 1185792K
  class space    used 19309K, capacity 21101K, committed 21760K, reserved 1048576K
}
Event: 935.251 GC heap before
{Heap before GC invocations=68 (full 0):
 garbage-first heap   total 372736K, used 313842K [0x0000000080000000, 0x0000000100000000)
  region size 1024K, 45 young (46080K), 7 survivors (7168K)
 Metaspace       used 152232K, capacity 156982K, committed 158000K, reserved 1185792K
  class space    used 19368K, capacity 21161K, committed 21888K, reserved 1048576K
}
Event: 935.258 GC heap after
{Heap after GC invocations=69 (full 0):
 garbage-first heap   total 372736K, used 282059K [0x0000000080000000, 0x0000000100000000)
  region size 1024K, 6 young (6144K), 6 survivors (6144K)
 Metaspace       used 152232K, capacity 156982K, committed 158000K, reserved 1185792K
  class space    used 19368K, capacity 21161K, committed 21888K, reserved 1048576K
}
Event: 935.290 GC heap before
{Heap before GC invocations=69 (full 0):
 garbage-first heap   total 372736K, used 315851K [0x0000000080000000, 0x0000000100000000)
  region size 1024K, 40 young (40960K), 6 survivors (6144K)
 Metaspace       used 152304K, capacity 157068K, committed 158000K, reserved 1185792K
  class space    used 19377K, capacity 21168K, committed 21888K, reserved 1048576K
}

